<?xml version="1.0" encoding="UTF-8"?>
<!-- Generated by org.testng.reporters.JUnitReportReporter -->
<testsuite hostname="DESKTOP-RN6R1ET" failures="0" tests="1" name="rakutan.googleInChrome" time="3.727" errors="0" timestamp="2023-08-09T15:34:23 IST" skipped="0">
  <testcase classname="rakutan.googleInChrome" name="test" time="3.727"/>
  <system-out/>
</testsuite> <!-- rakutan.googleInChrome -->
