<?xml version="1.0" encoding="UTF-8"?>
<!-- Generated by org.testng.reporters.JUnitReportReporter -->
<testsuite hostname="DESKTOP-RN6R1ET" failures="0" tests="1" name="rakutan.Specialchar2" time="0.010" errors="0" timestamp="2023-08-01T15:50:58 IST" skipped="0">
  <testcase classname="rakutan.Specialchar2" name="test" time="0.010"/>
  <system-out/>
</testsuite> <!-- rakutan.Specialchar2 -->
