<?xml version="1.0" encoding="UTF-8"?>
<!-- Generated by org.testng.reporters.JUnitReportReporter -->
<testsuite hostname="DESKTOP-RN6R1ET" failures="0" tests="1" name="rakutan.facebookInEdge" time="90.361" errors="0" timestamp="2023-08-02T17:08:17 IST" skipped="0">
  <testcase classname="rakutan.facebookInEdge" name="test" time="90.361"/>
  <system-out/>
</testsuite> <!-- rakutan.facebookInEdge -->
