<?xml version="1.0" encoding="UTF-8"?>
<!-- Generated by org.testng.reporters.JUnitReportReporter -->
<testsuite hostname="DESKTOP-RN6R1ET" failures="0" tests="1" name="rakutan.Youtube" time="114.138" errors="0" timestamp="2023-08-01T15:14:52 IST" skipped="0">
  <testcase classname="rakutan.Youtube" name="running" time="114.138"/>
  <system-out/>
</testsuite> <!-- rakutan.Youtube -->
