<?xml version="1.0" encoding="UTF-8"?>
<!-- Generated by org.testng.reporters.JUnitReportReporter -->
<testsuite hostname="DESKTOP-RN6R1ET" failures="0" tests="1" name="rakutan.facebookInFireFox" time="2.614" errors="0" timestamp="2023-08-09T15:34:23 IST" skipped="0">
  <testcase classname="rakutan.facebookInFireFox" name="test" time="2.614"/>
  <system-out/>
</testsuite> <!-- rakutan.facebookInFireFox -->
