<?xml version="1.0" encoding="UTF-8"?>
<!-- Generated by org.testng.reporters.JUnitReportReporter -->
<testsuite hostname="DESKTOP-RN6R1ET" failures="0" tests="1" name="rakutan.specialCharInString" time="0.009" errors="0" timestamp="2023-08-01T15:38:46 IST" skipped="0">
  <testcase classname="rakutan.specialCharInString" name="test" time="0.009"/>
  <system-out/>
</testsuite> <!-- rakutan.specialCharInString -->
