<?xml version="1.0" encoding="UTF-8"?>
<!-- Generated by org.testng.reporters.JUnitReportReporter -->
<testsuite hostname="DESKTOP-RN6R1ET" failures="0" tests="2" name="rakutan.framework" time="104.203" errors="0" timestamp="2023-08-02T16:09:25 IST" skipped="0">
  <testcase classname="rakutan.framework" name="test2" time="94.111"/>
  <system-out/>
  <testcase classname="rakutan.framework" name="test2" time="10.092"/>
  <system-out/>
</testsuite> <!-- rakutan.framework -->
