<?xml version="1.0" encoding="UTF-8"?>
<!-- Generated by org.testng.reporters.JUnitReportReporter -->
<testsuite hostname="DESKTOP-RN6R1ET" failures="0" tests="1" name="rakutan.AutoSuggestions" time="93.720" errors="0" timestamp="2023-08-01T14:58:47 IST" skipped="0">
  <testcase classname="rakutan.AutoSuggestions" name="test" time="93.720"/>
  <system-out/>
</testsuite> <!-- rakutan.AutoSuggestions -->
